
> @obinexuscomputing/js@1.0.0 build
> rollup -c

[1G[0K[36m
[1msrc/index.ts[22m → [1mdist/index.cjs, dist/index.js, dist/index.umd.js[22m...[39m
[1m[31m[!] [1m(plugin typescript) RollupError: [plugin typescript] src/index.ts (1:15): @rollup/plugin-typescript TS2306: File '/home/nnamdi/projects/obinexuscomputing/pkg/dom-asm/packages/js/src/ast/index.ts' is not a module.[22m[1m[39m[22m
src/index.ts (1:15)
[2m
[7m1[0m export * from './ast';
[7m [0m [91m              ~~~~~~~[0m
[22m
[2m    at getRollupError (/home/nnamdi/projects/obinexuscomputing/pkg/dom-asm/node_modules/rollup/dist/shared/parseAst.js:285:41)
    at Object.error (/home/nnamdi/projects/obinexuscomputing/pkg/dom-asm/node_modules/rollup/dist/shared/parseAst.js:281:42)
    at Object.error (/home/nnamdi/projects/obinexuscomputing/pkg/dom-asm/node_modules/rollup/dist/shared/rollup.js:902:32)
    at emitDiagnostic (file:///home/nnamdi/projects/obinexuscomputing/pkg/dom-asm/node_modules/@rollup/plugin-typescript/dist/es/index.js:548:17)
    at reportDiagnostics (file:///home/nnamdi/projects/obinexuscomputing/pkg/dom-asm/node_modules/@rollup/plugin-typescript/dist/es/index.js:556:9)
    at Array.forEach (<anonymous>)
    at emitFilesAndReportErrors (/home/nnamdi/projects/obinexuscomputing/pkg/dom-asm/node_modules/typescript/lib/typescript.js:132276:15)
    at Object.result.afterProgramCreate (/home/nnamdi/projects/obinexuscomputing/pkg/dom-asm/node_modules/typescript/lib/typescript.js:132461:5)
    at Object.afterProgramCreate (file:///home/nnamdi/projects/obinexuscomputing/pkg/dom-asm/node_modules/@rollup/plugin-typescript/dist/es/index.js:715:29)
    at synchronizeProgram (/home/nnamdi/projects/obinexuscomputing/pkg/dom-asm/node_modules/typescript/lib/typescript.js:132784:12)[22m


[1G[0K⠙[1G[0K[1mnpm[22m [31merror[39m Lifecycle script `build` failed with error:
[1G[0K⠙[1G[0K[1mnpm[22m [31merror[39m [94mcode[39m [33m1[39m
[1G[0K⠙[1G[0K[1mnpm[22m [31merror[39m [94mpath[39m /home/nnamdi/projects/obinexuscomputing/pkg/dom-asm/packages/js
[1G[0K⠙[1G[0K[1mnpm[22m [31merror[39m [94mworkspace[39m @obinexuscomputing/js@1.0.0
[1G[0K⠙[1G[0K[1mnpm[22m [31merror[39m [94mlocation[39m /home/nnamdi/projects/obinexuscomputing/pkg/dom-asm/packages/js
[1G[0K⠙[1G[0K[1mnpm[22m [31merror[39m command failed
[1G[0K⠙[1G[0K[1mnpm[22m [31merror[39m [94mcommand[39m sh -c rollup -c
[1G[0K⠙[1G[0K
