
> @obinexuscomputing/css@1.0.0 build
> npm run clean && npm run build:ts && npm run build:rollup

[1G[0K
> @obinexuscomputing/css@1.0.0 clean
> rm -rf dist

[1G[0K[1G[0K⠙[1G[0K
> @obinexuscomputing/css@1.0.0 build:ts
> tsc --emitDeclarationOnly

[1G[0K[1G[0K⠙[1G[0K
> @obinexuscomputing/css@1.0.0 build:rollup
> rollup -c

[1G[0K[1m[31m[!] [1mTypeError: Cannot read properties of undefined (reading 'default')[22m[1m[39m[22m
[2m    at getDefaultFromCjs (/home/nnamdi/projects/obinexuscomputing/pkg/dom-asm/node_modules/rollup/dist/shared/loadConfigFile.js:487:22)
    at Object.loadConfigFile (/home/nnamdi/projects/obinexuscomputing/pkg/dom-asm/node_modules/rollup/dist/shared/loadConfigFile.js:430:41)
    at getConfigs (/home/nnamdi/projects/obinexuscomputing/pkg/dom-asm/node_modules/rollup/dist/bin/rollup:1823:39)
    at runRollup (/home/nnamdi/projects/obinexuscomputing/pkg/dom-asm/node_modules/rollup/dist/bin/rollup:1794:43)[22m


[1G[0K⠙[1G[0K[1mnpm[22m [31merror[39m Lifecycle script `build:rollup` failed with error:
[1G[0K⠙[1G[0K[1mnpm[22m [31merror[39m [94mcode[39m [33m1[39m
[1G[0K⠙[1G[0K[1mnpm[22m [31merror[39m [94mpath[39m /home/nnamdi/projects/obinexuscomputing/pkg/dom-asm/packages/css
[1G[0K⠙[1G[0K[1mnpm[22m [31merror[39m [94mworkspace[39m @obinexuscomputing/css@1.0.0
[1G[0K⠙[1G[0K[1mnpm[22m [31merror[39m [94mlocation[39m /home/nnamdi/projects/obinexuscomputing/pkg/dom-asm/packages/css
[1G[0K⠙[1G[0K[1mnpm[22m [31merror[39m command failed
[1G[0K⠙[1G[0K[1mnpm[22m [31merror[39m [94mcommand[39m sh -c rollup -c
[1G[0K⠙[1G[0K[1G[0K⠙[1G[0K[1mnpm[22m [31merror[39m Lifecycle script `build` failed with error:
[1G[0K⠙[1G[0K[1mnpm[22m [31merror[39m [94mcode[39m [33m1[39m
[1G[0K⠙[1G[0K[1mnpm[22m [31merror[39m [94mpath[39m /home/nnamdi/projects/obinexuscomputing/pkg/dom-asm/packages/css
[1G[0K⠙[1G[0K[1mnpm[22m [31merror[39m [94mworkspace[39m @obinexuscomputing/css@1.0.0
[1G[0K⠙[1G[0K[1mnpm[22m [31merror[39m [94mlocation[39m /home/nnamdi/projects/obinexuscomputing/pkg/dom-asm/packages/css
[1G[0K⠙[1G[0K[1mnpm[22m [31merror[39m command failed
[1G[0K⠙[1G[0K[1mnpm[22m [31merror[39m [94mcommand[39m sh -c npm run clean && npm run build:ts && npm run build:rollup
[1G[0K⠙[1G[0K
